[17:57:59] [Render thread/INFO] [REI] Config loaded
[17:57:59] [Render thread/DEBUG] [REI] Config saved
[17:57:59] [Render thread/INFO] [REI] Registered plugin provider CompactMachinesReiPlugin [compactmachines] for REIPlugin
[17:57:59] [Render thread/INFO] [REI] Registered plugin provider DefaultPlugin [roughlyenoughitems] for REIPlugin
[17:57:59] [Render thread/INFO] [REI] Registered plugin provider DefaultRuntimePlugin [roughlyenoughitems] for REIPlugin
[17:57:59] [Render thread/INFO] [REI] Registered plugin provider REICommonIntegration [spectrum] for REIPlugin
[17:57:59] [Render thread/INFO] [REI] Registered plugin provider AdornReiClient [adorn] for REIPlugin
[17:57:59] [Render thread/INFO] [REI] Registered plugin provider AdornReiServer [adorn] for REIPlugin
[17:57:59] [Render thread/INFO] [REI] Registered plugin provider REITooltipPlugin [appleskin] for REIPlugin
[17:57:59] [Render thread/INFO] [REI] Registered plugin provider DBServerPlugin [decorative_blocks] for REIPlugin
[17:57:59] [Render thread/INFO] [REI] Registered plugin provider DBClientPlugin [decorative_blocks] for REIPlugin
[17:57:59] [Render thread/INFO] [REI] Registered plugin provider ReiCompat [ellemes_container_lib] for REIPlugin
[17:57:59] [Render thread/INFO] [REI] Registered plugin provider EnchDescREI [enchdesc] for REIPlugin
[17:57:59] [Render thread/INFO] [REI] Registered plugin provider FTBQuestsREIIntegration [ftbquests] for REIPlugin
[17:57:59] [Render thread/INFO] [REI] Registered plugin provider ImprovedStationsREIContainerInfo [improved-stations] for REIPlugin
[17:57:59] [Render thread/INFO] [REI] Registered plugin provider ImprovedStationsREIPlugin [improved-stations] for REIPlugin
[17:57:59] [Render thread/INFO] [REI] Registered plugin provider REIPlugin [indrev] for REIPlugin
[17:57:59] [Render thread/INFO] [REI] Registered plugin provider REPClientPlugin [roughlyenoughprofessions] for REIPlugin
[17:57:59] [Render thread/INFO] [REI] Registered plugin provider PluginEntry [roughlyenoughresources] for REIPlugin
[17:58:00] [Render thread/INFO] [REI] Registered plugin provider ReiPlugin [techreborn] for REIPlugin
[17:58:00] [Render thread/INFO] [REI] Registered plugin provider REI [twilightforest] for REIPlugin
[17:58:00] [Render thread/INFO] [REI] Registered plugin provider WmitafReiPluginImpl [wmitaf] for REIPlugin
[17:58:00] [Render thread/INFO] [REI] Registered plugin provider ReiRecipeLookup [wthit] for REIPlugin
[17:58:00] [Render thread/INFO] [REI] Registered plugin provider AdAstraClientPlugin [ad_astra] for REIPlugin
[17:58:00] [Render thread/INFO] [REI] Registered plugin provider APPlugin [architects_palette] for REIPlugin
[17:58:00] [Render thread/INFO] [REI] Registered plugin provider REIPlugin [chiselsandbits] for REIPlugin
[17:58:00] [Render thread/INFO] [REI] Registered plugin provider create:rei_plugin [create] for REIPlugin
[17:58:00] [Render thread/INFO] [REI] Registered plugin provider DefaultClientPlugin [roughlyenoughitems] for REIPlugin
[17:58:00] [Render thread/INFO] [REI] Registered plugin provider DefaultClientRuntimePlugin [roughlyenoughitems] for REIPlugin
[17:58:00] [Render thread/INFO] [REI] Registered plugin provider REIClientIntegration [spectrum] for REIPlugin
[17:58:00] [Render thread/INFO] [REI] Registered plugin provider SpiritPlugin [spirit] for REIPlugin
[17:58:00] [Render thread/INFO] [REI] Registered plugin provider AE2 [ae2] for REIPlugin
[17:58:00] [Render thread/INFO] [REI] Registered plugin provider REI [ae2things] for REIPlugin
[17:58:00] [Render thread/INFO] [REI] Registered plugin provider ae2wtlib [ae2wtlib] for REIPlugin
[17:58:00] [Render thread/INFO] [REI] Registered plugin provider REIPlugin [artifacts] for REIPlugin
[17:58:00] [Render thread/INFO] [REI] Registered plugin provider BWREIPlugin [bewitchment] for REIPlugin
[17:58:00] [Render thread/INFO] [REI] Registered plugin provider CatwalksIncREI [catwalksinc] for REIPlugin
[17:58:00] [Render thread/INFO] [REI] Registered plugin provider REIChippedPlugin [chipped] for REIPlugin
[17:58:00] [Render thread/INFO] [REI] Registered plugin provider ChiselREI [chisel] for REIPlugin
[17:58:00] [Render thread/INFO] [REI] Registered plugin provider ConjuringClientPlugin [conjuring] for REIPlugin
[17:58:00] [Render thread/INFO] [REI] Registered plugin provider ConjuringCommonPlugin [conjuring] for REIPlugin
[17:58:00] [Render thread/INFO] [REI] Registered plugin provider ReiPlugin [coxinhautilities] for REIPlugin
[17:58:00] [Render thread/INFO] [REI] Registered plugin provider RoughlyEnoughItemsIntegration [craftingtweaks] for REIPlugin
[17:58:00] [Render thread/INFO] [REI] Registered plugin provider ReiPlugin [dml-refabricated-rei] for REIPlugin
[17:58:00] [Render thread/INFO] [REI] Registered plugin provider FarmersDelightModREI [farmersdelight] for REIPlugin
[17:58:00] [Render thread/INFO] [REI] Registered plugin provider REIIntegration [ftblibrary] for REIPlugin
[17:58:00] [Render thread/INFO] [REI] Registered plugin provider KubeJSREIPlugin [kubejs] for REIPlugin
[17:58:00] [Render thread/INFO] [REI] Registered plugin provider MIREIPlugin [modern_industrialization] for REIPlugin
[17:58:00] [Render thread/INFO] [REI] Registered plugin provider FluidFuelsPlugin [modern_industrialization] for REIPlugin
[17:58:00] [Render thread/INFO] [REI] Registered plugin provider ForgeHammerRecipePlugin [modern_industrialization] for REIPlugin
[17:58:00] [Render thread/INFO] [REI] Registered plugin provider MachinesPlugin [modern_industrialization] for REIPlugin
[17:58:00] [Render thread/INFO] [REI] Registered plugin provider NeutronInteractionPlugin [modern_industrialization] for REIPlugin
[17:58:00] [Render thread/INFO] [REI] Registered plugin provider MdReiPlugin [moderndynamics] for REIPlugin
[17:58:00] [Render thread/INFO] [REI] Registered plugin provider OwoReiPlugin [owo] for REIPlugin
[17:58:00] [Render thread/INFO] [REI] Registered plugin provider RoughlyEnoughItemsIntegration [trashslot] for REIPlugin
[17:58:00] [Render thread/INFO] [REI] Registered plugin provider BotaniaREIPlugin [botania] for REIPlugin
[17:58:00] [Render thread/INFO] [REI] Registered plugin provider ReiCompat [extragenerators] for REIPlugin
[17:58:00] [Render thread/INFO] [REI] Registered plugin provider DefaultPlugin [roughlyenoughitems] for REIServerPlugin
[17:58:00] [Render thread/INFO] [REI] Registered plugin provider DefaultRuntimePlugin [roughlyenoughitems] for REIServerPlugin
[17:58:00] [Render thread/INFO] [REI] Registered plugin provider REICommonIntegration [spectrum] for REIServerPlugin
[17:58:00] [Render thread/INFO] [REI] Registered plugin provider AdornReiServer [adorn] for REIServerPlugin
[17:58:00] [Render thread/INFO] [REI] Registered plugin provider DBServerPlugin [decorative_blocks] for REIServerPlugin
[17:58:00] [Render thread/INFO] [REI] Registered plugin provider ImprovedStationsREIContainerInfo [improved-stations] for REIServerPlugin
[17:58:00] [Render thread/INFO] [REI] Registered plugin provider ConjuringCommonPlugin [conjuring] for REIServerPlugin
[17:58:00] [Render thread/INFO] [REI] Registered plugin provider FabricFluidAPISupportPlugin for REIServerPlugin
[17:58:00] [Render thread/INFO] [REI] Registered plugin provider FabricFluidAPISupportPlugin for REIPlugin
[17:58:06] [Render thread/INFO] [REI] Registered plugin provider CompactMachinesReiPlugin [compactmachines] for REIClientPlugin
[17:58:06] [Render thread/INFO] [REI] Registered plugin provider AdornReiClient [adorn] for REIClientPlugin
[17:58:06] [Render thread/INFO] [REI] Registered plugin provider REITooltipPlugin [appleskin] for REIClientPlugin
[17:58:06] [Render thread/INFO] [REI] Registered plugin provider DBClientPlugin [decorative_blocks] for REIClientPlugin
[17:58:06] [Render thread/INFO] [REI] Registered plugin provider ReiCompat [ellemes_container_lib] for REIClientPlugin
[17:58:06] [Render thread/INFO] [REI] Registered plugin provider EnchDescREI [enchdesc] for REIClientPlugin
[17:58:06] [Render thread/INFO] [REI] Registered plugin provider FTBQuestsREIIntegration [ftbquests] for REIClientPlugin
[17:58:06] [Render thread/INFO] [REI] Registered plugin provider ImprovedStationsREIPlugin [improved-stations] for REIClientPlugin
[17:58:06] [Render thread/INFO] [REI] Registered plugin provider REIPlugin [indrev] for REIClientPlugin
[17:58:06] [Render thread/INFO] [REI] Registered plugin provider REPClientPlugin [roughlyenoughprofessions] for REIClientPlugin
[17:58:06] [Render thread/INFO] [REI] Registered plugin provider PluginEntry [roughlyenoughresources] for REIClientPlugin
[17:58:06] [Render thread/INFO] [REI] Registered plugin provider ReiPlugin [techreborn] for REIClientPlugin
[17:58:06] [Render thread/INFO] [REI] Registered plugin provider REI [twilightforest] for REIClientPlugin
[17:58:06] [Render thread/INFO] [REI] Registered plugin provider WmitafReiPluginImpl [wmitaf] for REIClientPlugin
[17:58:06] [Render thread/INFO] [REI] Registered plugin provider ReiRecipeLookup [wthit] for REIClientPlugin
[17:58:06] [Render thread/INFO] [REI] Registered plugin provider AdAstraClientPlugin [ad_astra] for REIClientPlugin
[17:58:06] [Render thread/INFO] [REI] Registered plugin provider APPlugin [architects_palette] for REIClientPlugin
[17:58:06] [Render thread/INFO] [REI] Registered plugin provider REIPlugin [chiselsandbits] for REIClientPlugin
[17:58:06] [Render thread/INFO] [REI] Registered plugin provider create:rei_plugin [create] for REIClientPlugin
[17:58:06] [Render thread/INFO] [REI] Registered plugin provider DefaultClientPlugin [roughlyenoughitems] for REIClientPlugin
[17:58:06] [Render thread/INFO] [REI] Registered plugin provider DefaultClientRuntimePlugin [roughlyenoughitems] for REIClientPlugin
[17:58:06] [Render thread/INFO] [REI] Registered plugin provider REIClientIntegration [spectrum] for REIClientPlugin
[17:58:06] [Render thread/INFO] [REI] Registered plugin provider SpiritPlugin [spirit] for REIClientPlugin
[17:58:06] [Render thread/INFO] [REI] Registered plugin provider AE2 [ae2] for REIClientPlugin
[17:58:06] [Render thread/INFO] [REI] Registered plugin provider REI [ae2things] for REIClientPlugin
[17:58:06] [Render thread/INFO] [REI] Registered plugin provider ae2wtlib [ae2wtlib] for REIClientPlugin
[17:58:06] [Render thread/INFO] [REI] Registered plugin provider REIPlugin [artifacts] for REIClientPlugin
[17:58:06] [Render thread/INFO] [REI] Registered plugin provider BWREIPlugin [bewitchment] for REIClientPlugin
[17:58:06] [Render thread/INFO] [REI] Registered plugin provider CatwalksIncREI [catwalksinc] for REIClientPlugin
[17:58:06] [Render thread/INFO] [REI] Registered plugin provider REIChippedPlugin [chipped] for REIClientPlugin
[17:58:06] [Render thread/INFO] [REI] Registered plugin provider ChiselREI [chisel] for REIClientPlugin
[17:58:06] [Render thread/INFO] [REI] Registered plugin provider ConjuringClientPlugin [conjuring] for REIClientPlugin
[17:58:06] [Render thread/INFO] [REI] Registered plugin provider ReiPlugin [coxinhautilities] for REIClientPlugin
[17:58:06] [Render thread/INFO] [REI] Registered plugin provider RoughlyEnoughItemsIntegration [craftingtweaks] for REIClientPlugin
[17:58:06] [Render thread/INFO] [REI] Registered plugin provider ReiPlugin [dml-refabricated-rei] for REIClientPlugin
[17:58:06] [Render thread/INFO] [REI] Registered plugin provider FarmersDelightModREI [farmersdelight] for REIClientPlugin
[17:58:06] [Render thread/INFO] [REI] Registered plugin provider REIIntegration [ftblibrary] for REIClientPlugin
[17:58:06] [Render thread/INFO] [REI] Registered plugin provider KubeJSREIPlugin [kubejs] for REIClientPlugin
[17:58:06] [Render thread/INFO] [REI] Registered plugin provider MIREIPlugin [modern_industrialization] for REIClientPlugin
[17:58:06] [Render thread/INFO] [REI] Registered plugin provider FluidFuelsPlugin [modern_industrialization] for REIClientPlugin
[17:58:06] [Render thread/INFO] [REI] Registered plugin provider ForgeHammerRecipePlugin [modern_industrialization] for REIClientPlugin
[17:58:06] [Render thread/INFO] [REI] Registered plugin provider MachinesPlugin [modern_industrialization] for REIClientPlugin
[17:58:06] [Render thread/INFO] [REI] Registered plugin provider NeutronInteractionPlugin [modern_industrialization] for REIClientPlugin
[17:58:06] [Render thread/INFO] [REI] Registered plugin provider MdReiPlugin [moderndynamics] for REIClientPlugin
[17:58:06] [Render thread/INFO] [REI] Registered plugin provider OwoReiPlugin [owo] for REIClientPlugin
[17:58:06] [Render thread/INFO] [REI] Registered plugin provider RoughlyEnoughItemsIntegration [trashslot] for REIClientPlugin
[17:58:06] [Render thread/INFO] [REI] Registered plugin provider BotaniaREIPlugin [botania] for REIClientPlugin
[17:58:06] [Render thread/INFO] [REI] Registered plugin provider ReiCompat [extragenerators] for REIClientPlugin
